09/15/2021 08:13:34 AM - DEBUG: running
09/15/2021 08:13:34 AM - DEBUG: 0814.902445 12345:2 idle
09/15/2021 08:13:34 AM - DEBUG: 0814.902445 12345:2 active
09/15/2021 08:13:35 AM - DEBUG: 0815.064416 12345:2 idle
09/15/2021 08:13:35 AM - DEBUG: 0815.064416 12345:2 idle
09/15/2021 08:13:35 AM - DEBUG: 0815.065416 12345:2 active
09/15/2021 08:13:35 AM - DEBUG: 0815.184449 12345:2 idle
09/15/2021 08:13:35 AM - DEBUG: 0815.184449 12345:2 idle
09/15/2021 08:13:35 AM - DEBUG: 0815.184449 12345:2 active
09/15/2021 08:13:35 AM - DEBUG: 0815.384399 12345:2 idle
09/15/2021 08:13:35 AM - DEBUG: 0815.384399 12345:2 idle
09/15/2021 08:13:35 AM - DEBUG: 0815.384399 12345:2 active
09/15/2021 08:13:35 AM - DEBUG: 0815.494448 12345:2 idle
09/15/2021 08:13:35 AM - DEBUG: 0815.494448 12345:2 idle
09/15/2021 08:13:35 AM - DEBUG: 0815.494448 12345:2 active
09/15/2021 08:13:35 AM - DEBUG: 0815.599413 12345:2 idle
09/15/2021 08:13:35 AM - DEBUG: 0815.599413 12345:2 idle
09/15/2021 08:13:35 AM - DEBUG: 0815.599413 12345:2 active
09/15/2021 08:13:35 AM - DEBUG: 0815.724413 12345:2 idle
09/15/2021 08:13:35 AM - DEBUG: 0815.724413 12345:2 idle
09/15/2021 08:13:35 AM - DEBUG: 0815.724413 12345:2 active
09/15/2021 08:13:35 AM - DEBUG: 0815.823457 12345:2 idle
09/15/2021 08:13:35 AM - DEBUG: 0815.824448 12345:2 idle
09/15/2021 08:13:35 AM - DEBUG: 0815.824448 12345:2 active
09/15/2021 08:13:35 AM - DEBUG: 0815.944399 12345:2 idle
09/15/2021 08:13:35 AM - DEBUG: 0815.944399 12345:2 idle
09/15/2021 08:13:35 AM - DEBUG: 0815.944399 12345:2 active
09/15/2021 08:13:36 AM - DEBUG: 0816.044400 12345:2 idle
09/15/2021 08:13:36 AM - DEBUG: 0816.044400 12345:2 idle
09/15/2021 08:13:36 AM - DEBUG: 0816.044400 12345:2 active
09/15/2021 08:13:36 AM - DEBUG: 0816.154444 12345:2 idle
09/15/2021 08:13:36 AM - DEBUG: 0816.154444 12345:2 idle
09/15/2021 08:13:36 AM - DEBUG: 0816.154444 12345:2 active
09/15/2021 08:13:36 AM - DEBUG: 0816.283446 12345:2 idle
09/15/2021 08:13:36 AM - DEBUG: 0816.284438 12345:2 idle
09/15/2021 08:13:36 AM - DEBUG: 0816.284438 12345:2 active
09/15/2021 08:13:36 AM - DEBUG: 0816.383584 12345:2 idle
09/15/2021 08:13:36 AM - DEBUG: 0816.384448 12345:2 idle
09/15/2021 08:13:36 AM - DEBUG: 0816.384448 12345:2 active
09/15/2021 08:13:36 AM - DEBUG: 0816.494444 12345:2 idle
09/15/2021 08:13:36 AM - DEBUG: 0816.494444 12345:2 idle
09/15/2021 08:13:36 AM - DEBUG: 0816.494444 12345:2 active
09/15/2021 08:13:36 AM - DEBUG: 0816.564445 12345:2 idle
09/15/2021 08:13:36 AM - DEBUG: 0816.564445 12345:2 idle
09/15/2021 08:13:36 AM - DEBUG: 0816.564445 12345:2 active
09/15/2021 08:13:36 AM - DEBUG: 0816.643444 12345:2 idle
09/15/2021 08:13:36 AM - DEBUG: 0816.644445 12345:2 idle
09/15/2021 08:13:36 AM - DEBUG: 0816.644445 12345:2 active
09/15/2021 08:13:36 AM - DEBUG: 0816.714444 12345:2 idle
09/15/2021 08:13:36 AM - DEBUG: 0816.714444 12345:2 idle
09/15/2021 08:13:36 AM - DEBUG: 0816.714444 12345:2 active
09/15/2021 08:13:36 AM - DEBUG: 0816.783446 12345:2 idle
09/15/2021 08:13:36 AM - DEBUG: 0816.784446 12345:2 idle
09/15/2021 08:13:36 AM - DEBUG: 0816.784446 12345:2 active
09/15/2021 08:13:36 AM - DEBUG: 0816.864437 12345:2 idle
09/15/2021 08:13:36 AM - DEBUG: 0816.864437 12345:2 idle
09/15/2021 08:13:36 AM - DEBUG: 0816.865413 12345:2 active
09/15/2021 08:13:36 AM - DEBUG: 0816.944341 12345:2 idle
09/15/2021 08:13:36 AM - DEBUG: 0816.944341 12345:2 idle
09/15/2021 08:13:36 AM - DEBUG: 0816.944341 12345:2 active
09/15/2021 08:13:37 AM - DEBUG: 0817.016328 12345:2 idle
09/15/2021 08:13:37 AM - DEBUG: 0817.016328 12345:2 idle
09/15/2021 08:13:37 AM - DEBUG: 0817.016328 12345:2 active
09/15/2021 08:13:37 AM - DEBUG: 0817.095327 12345:2 idle
09/15/2021 08:13:37 AM - DEBUG: 0817.096327 12345:2 idle
09/15/2021 08:13:37 AM - DEBUG: 0817.096327 12345:2 active
09/15/2021 08:13:37 AM - DEBUG: 0817.184328 12345:2 idle
09/15/2021 08:13:37 AM - DEBUG: 0817.184328 12345:2 idle
09/15/2021 08:13:37 AM - DEBUG: 0817.184328 12345:2 active
09/15/2021 08:13:37 AM - DEBUG: 0817.254343 12345:2 idle
09/15/2021 08:13:37 AM - DEBUG: 0817.254343 12345:2 idle
09/15/2021 08:13:37 AM - DEBUG: 0817.254343 12345:2 active
09/15/2021 08:13:37 AM - DEBUG: 0817.323339 12345:2 idle
09/15/2021 08:13:37 AM - DEBUG: 0817.324339 12345:2 idle
09/15/2021 08:13:37 AM - DEBUG: 0817.324339 12345:2 active
09/15/2021 08:13:37 AM - DEBUG: 0817.463764 12345:2 idle
09/15/2021 08:13:37 AM - DEBUG: 0817.463764 12345:2 idle
09/15/2021 08:13:37 AM - DEBUG: 0817.463764 12345:2 active
09/15/2021 08:13:37 AM - DEBUG: 0817.543810 12345:2 idle
09/15/2021 08:13:37 AM - DEBUG: 0817.543810 12345:2 idle
09/15/2021 08:13:37 AM - DEBUG: 0817.543810 12345:2 active
09/15/2021 08:13:37 AM - DEBUG: 0817.623801 12345:2 idle
09/15/2021 08:13:37 AM - DEBUG: 0817.623801 12345:2 idle
09/15/2021 08:13:37 AM - DEBUG: 0817.623801 12345:2 active
09/15/2021 08:13:37 AM - DEBUG: 0817.743778 12345:2 idle
09/15/2021 08:13:37 AM - INFO: PRAGMA main.table_info("all_data")
09/15/2021 08:13:37 AM - INFO: [raw sql] ()
09/15/2021 08:13:37 AM - INFO: BEGIN (implicit)
09/15/2021 08:13:37 AM - INFO: INSERT INTO all_data ("index", object_names, object_type, object_id, device_id) VALUES (?, ?, ?, ?, ?)
09/15/2021 08:13:37 AM - INFO: [generated in 0.00050s] ((0, 'tempUoOne10k', 'analogInput', 1, 201201), (1, 'tempUoTwoBalco', 'analogInput', 2, 201201), (2, 'tempUoThreeBalco', 'analogInput', 3, 201201), (3, 'S-LK', 'analogInput', 17, 201201), (4, 'RmDiff', 'analogValue', 806, 201201), (5, 'Oat', 'analogValue', 301, 201201), (6, 'RmTmpSpt', 'analogValue', 302, 201201), (7, 'RmTmp', 'analogValue', 300, 201201)  ... displaying 10 of 27 total bound parameter sets ...  (25, 'S-LK:PbOcc', 'binaryValue', 13353, 201201), (26, 'S-LK:OvrTimer', 'analogValue', 13354, 201201))
09/15/2021 08:13:37 AM - INFO: COMMIT
09/15/2021 08:13:37 AM - DEBUG: fini
